1	09:33:42.840	'6234196': ping failed
1	09:33:54.041	'6234196': connect failed [âÒê¸ïsí ÅI]
1	09:34:15.196	MQL5.community: authorization failed
1	09:34:16.163	MQL5.community: authorization failed
1	09:34:16.250	MQL5.community: authorization failed
1	09:34:16.367	MQL5.community: authorization failed
1	09:36:52.222	MQL5.community: authorization failed
1	09:41:52.448	MQL5.community: authorization failed
1	09:46:52.837	MQL5.community: authorization failed
1	09:51:52.896	MQL5.community: authorization failed
1	09:56:52.983	MQL5.community: authorization failed
1	10:01:53.062	MQL5.community: authorization failed
1	10:06:52.998	MQL5.community: authorization failed
1	10:11:52.347	MQL5.community: authorization failed
1	10:16:52.680	MQL5.community: authorization failed
1	10:21:52.748	MQL5.community: authorization failed
1	10:26:52.981	MQL5.community: authorization failed
1	10:31:53.132	MQL5.community: authorization failed
1	10:36:52.188	MQL5.community: authorization failed
1	10:41:52.522	MQL5.community: authorization failed
1	10:46:52.634	MQL5.community: authorization failed
1	10:51:52.766	MQL5.community: authorization failed
1	10:56:52.860	MQL5.community: authorization failed
1	11:01:53.053	MQL5.community: authorization failed
1	11:06:52.822	MQL5.community: authorization failed
1	11:11:52.653	MQL5.community: authorization failed
1	11:16:53.070	MQL5.community: authorization failed
1	11:21:52.995	MQL5.community: authorization failed
1	11:26:52.421	MQL5.community: authorization failed
1	11:31:52.445	MQL5.community: authorization failed
1	11:36:52.416	MQL5.community: authorization failed
1	11:41:52.640	MQL5.community: authorization failed
1	11:46:52.597	MQL5.community: authorization failed
1	11:51:52.569	MQL5.community: authorization failed
1	11:56:53.026	MQL5.community: authorization failed
1	12:01:52.217	MQL5.community: authorization failed
1	12:06:52.407	MQL5.community: authorization failed
1	12:11:52.543	MQL5.community: authorization failed
1	12:16:52.884	MQL5.community: authorization failed
1	12:21:52.855	MQL5.community: authorization failed
1	12:26:53.065	MQL5.community: authorization failed
1	12:31:52.153	MQL5.community: authorization failed
1	12:36:52.957	MQL5.community: authorization failed
1	12:41:53.117	MQL5.community: authorization failed
1	12:46:52.293	MQL5.community: authorization failed
1	12:51:52.579	MQL5.community: authorization failed
1	12:56:52.906	MQL5.community: authorization failed
1	13:01:53.008	MQL5.community: authorization failed
1	13:06:52.335	MQL5.community: authorization failed
1	13:11:52.605	MQL5.community: authorization failed
1	13:16:52.495	MQL5.community: authorization failed
1	13:21:52.623	MQL5.community: authorization failed
1	13:26:52.487	MQL5.community: authorization failed
1	13:31:52.446	MQL5.community: authorization failed
1	13:36:52.571	MQL5.community: authorization failed
1	13:41:52.848	MQL5.community: authorization failed
1	13:46:52.843	MQL5.community: authorization failed
1	13:51:53.026	MQL5.community: authorization failed
1	13:56:53.001	MQL5.community: authorization failed
1	14:01:53.104	MQL5.community: authorization failed
1	14:06:52.293	MQL5.community: authorization failed
1	14:11:52.438	MQL5.community: authorization failed
1	14:16:52.550	MQL5.community: authorization failed
1	14:21:52.663	MQL5.community: authorization failed
1	14:26:52.808	MQL5.community: authorization failed
1	14:31:52.778	MQL5.community: authorization failed
1	14:36:53.136	MQL5.community: authorization failed
1	14:41:52.289	MQL5.community: authorization failed
1	14:46:52.582	MQL5.community: authorization failed
1	14:51:52.542	MQL5.community: authorization failed
1	14:56:52.462	MQL5.community: authorization failed
1	15:01:52.422	MQL5.community: authorization failed
1	15:06:52.623	MQL5.community: authorization failed
1	15:11:52.862	MQL5.community: authorization failed
1	15:16:52.838	MQL5.community: authorization failed
1	15:21:52.926	MQL5.community: authorization failed
1	15:26:52.369	MQL5.community: authorization failed
1	15:31:52.187	MQL5.community: authorization failed
1	15:36:52.383	MQL5.community: authorization failed
1	15:41:52.557	MQL5.community: authorization failed
1	15:46:52.711	MQL5.community: authorization failed
1	15:51:52.654	MQL5.community: authorization failed
1	15:56:52.705	MQL5.community: authorization failed
1	16:01:52.741	MQL5.community: authorization failed
1	16:06:52.990	MQL5.community: authorization failed
1	16:11:52.194	MQL5.community: authorization failed
1	16:16:52.219	MQL5.community: authorization failed
1	16:21:53.142	MQL5.community: authorization failed
1	16:26:52.479	MQL5.community: authorization failed
1	16:31:52.618	MQL5.community: authorization failed
1	16:36:52.972	MQL5.community: authorization failed
1	16:41:52.167	MQL5.community: authorization failed
1	16:46:53.012	MQL5.community: authorization failed
1	16:51:53.013	MQL5.community: authorization failed
1	16:56:52.950	MQL5.community: authorization failed
1	17:01:52.219	MQL5.community: authorization failed
1	17:06:53.116	MQL5.community: authorization failed
1	17:11:52.952	MQL5.community: authorization failed
1	17:16:52.858	MQL5.community: authorization failed
1	17:21:52.872	MQL5.community: authorization failed
1	17:26:52.874	MQL5.community: authorization failed
1	17:31:52.966	MQL5.community: authorization failed
1	17:36:52.339	MQL5.community: authorization failed
1	17:41:52.462	MQL5.community: authorization failed
1	17:46:52.679	MQL5.community: authorization failed
1	17:51:52.604	MQL5.community: authorization failed
1	17:56:52.365	MQL5.community: authorization failed
1	18:01:52.458	MQL5.community: authorization failed
1	18:06:52.315	MQL5.community: authorization failed
1	18:11:52.185	MQL5.community: authorization failed
1	18:16:53.127	MQL5.community: authorization failed
1	18:21:52.163	MQL5.community: authorization failed
1	18:26:53.071	MQL5.community: authorization failed
1	18:31:53.013	MQL5.community: authorization failed
1	18:36:52.284	MQL5.community: authorization failed
1	18:41:52.573	MQL5.community: authorization failed
1	18:46:52.900	MQL5.community: authorization failed
1	18:51:53.090	MQL5.community: authorization failed
1	18:56:53.012	MQL5.community: authorization failed
1	19:01:52.458	MQL5.community: authorization failed
1	19:06:52.538	MQL5.community: authorization failed
1	19:11:52.570	MQL5.community: authorization failed
1	19:16:52.668	MQL5.community: authorization failed
1	19:21:52.961	MQL5.community: authorization failed
1	19:26:52.916	MQL5.community: authorization failed
1	19:31:52.259	MQL5.community: authorization failed
1	19:36:53.079	MQL5.community: authorization failed
1	19:41:53.003	MQL5.community: authorization failed
1	19:46:53.056	MQL5.community: authorization failed
1	19:51:52.348	MQL5.community: authorization failed
1	19:56:52.315	MQL5.community: authorization failed
1	20:01:52.188	MQL5.community: authorization failed
1	20:06:52.154	MQL5.community: authorization failed
1	20:11:52.470	MQL5.community: authorization failed
1	20:16:52.364	MQL5.community: authorization failed
1	20:21:52.617	MQL5.community: authorization failed
1	20:26:52.598	MQL5.community: authorization failed
1	20:31:52.614	MQL5.community: authorization failed
1	20:36:52.658	MQL5.community: authorization failed
1	20:41:52.916	MQL5.community: authorization failed
1	20:46:52.857	MQL5.community: authorization failed
1	20:51:52.830	MQL5.community: authorization failed
1	20:56:52.771	MQL5.community: authorization failed
1	21:01:53.077	MQL5.community: authorization failed
1	21:06:52.399	MQL5.community: authorization failed
1	21:11:52.679	MQL5.community: authorization failed
1	21:16:52.779	MQL5.community: authorization failed
1	21:21:52.875	MQL5.community: authorization failed
1	21:26:52.759	MQL5.community: authorization failed
1	21:31:53.023	MQL5.community: authorization failed
1	21:36:53.043	MQL5.community: authorization failed
1	21:41:52.945	MQL5.community: authorization failed
1	21:46:52.540	MQL5.community: authorization failed
1	21:51:52.674	MQL5.community: authorization failed
1	21:56:52.918	MQL5.community: authorization failed
1	22:01:53.008	MQL5.community: authorization failed
1	22:06:52.382	MQL5.community: authorization failed
1	22:11:52.572	MQL5.community: authorization failed
1	22:16:52.814	MQL5.community: authorization failed
1	22:21:53.051	MQL5.community: authorization failed
0	22:23:26.321	'6234196': login on OANDA-Japan Practice through OANDA-MT4 Practice JP (ping: 232.52 ms)
0	22:23:27.823	'6234196': previous successful authorization performed from 101.141.17.171
0	22:23:29.313	'6234196': ping to current access point OANDA-MT4 Practice JP is 185.14 ms
2	22:36:46.463	Expert SpanModelTrader USDJPY,M5: removed
2	22:36:46.647	Expert SpanModelTrader USDJPY,M5: loaded successfully
2	22:37:55.296	Expert SpanModelTrader USDJPY,M5: removed
2	22:37:55.409	Expert SpanModelTrader USDJPY,M5: loaded successfully
2	22:39:31.971	Expert SpanModelTrader USDJPY,M5: removed
2	22:39:32.091	Expert SpanModelTrader USDJPY,M5: loaded successfully
2	22:42:03.780	Expert SpanModelTrader USDJPY,M5: removed
2	22:42:03.910	Expert SpanModelTrader USDJPY,M5: loaded successfully
2	23:04:03.707	Expert SpanModelTrader USDJPY,M5: removed
2	23:04:03.855	Expert SpanModelTrader USDJPY,M5: loaded successfully
2	23:04:32.932	Expert SpanModelTrader USDJPY,M5: removed
2	23:04:33.101	Expert SpanModelTrader USDJPY,M5: loaded successfully
2	23:04:44.170	Expert SpanModelTrader USDJPY,M5: removed
2	23:04:44.342	Expert SpanModelTrader USDJPY,M5: loaded successfully
2	23:16:09.697	Expert SpanModelTrader USDJPY,M5: removed
2	23:16:09.819	Expert SpanModelTrader USDJPY,M5: loaded successfully
2	23:16:48.910	Expert SpanModelTrader USDJPY,M5: removed
2	23:16:49.034	Expert SpanModelTrader USDJPY,M5: loaded successfully
2	23:17:11.055	Expert SpanModelTrader USDJPY,M5: removed
2	23:17:11.201	Expert SpanModelTrader USDJPY,M5: loaded successfully
2	23:18:41.619	Expert SpanModelTrader USDJPY,M5: removed
2	23:18:41.754	Expert SpanModelTrader USDJPY,M5: loaded successfully
2	23:19:25.540	Expert SpanModelTrader USDJPY,M5: removed
2	23:19:25.724	Expert SpanModelTrader USDJPY,M5: loaded successfully
2	23:20:53.216	Expert SpanModelTrader USDJPY,M5: removed
2	23:20:53.338	Expert SpanModelTrader USDJPY,M5: loaded successfully
2	23:24:16.747	Expert SpanModelTrader USDJPY,M5: removed
2	23:24:16.888	Expert SpanModelTrader USDJPY,M5: loaded successfully
2	23:24:48.677	Expert SpanModelTrader USDJPY,M5: removed
2	23:24:48.791	Expert SpanModelTrader USDJPY,M5: loaded successfully
2	23:26:07.397	Expert SpanModelTrader USDJPY,M5: removed
2	23:26:07.517	Expert SpanModelTrader USDJPY,M5: loaded successfully
2	23:26:53.284	Expert SpanModelTrader USDJPY,M5: removed
2	23:26:53.458	Expert SpanModelTrader USDJPY,M5: loaded successfully
2	23:28:06.752	Expert SpanModelTrader USDJPY,M5: removed
2	23:28:06.873	Expert SpanModelTrader USDJPY,M5: loaded successfully
2	23:32:49.042	Expert SpanModelTrader USDJPY,M5: removed
2	23:32:49.169	Expert SpanModelTrader USDJPY,M5: loaded successfully
2	23:32:50.108	Expert SpanModelTrader USDJPY,M5: removed
2	23:45:34.725	Expert SpanModelTrader USDJPY,M5: loaded successfully
2	23:45:51.539	Expert SpanModelTrader USDJPY,M5: removed
2	23:45:51.662	Expert SpanModelTrader USDJPY,M5: loaded successfully
2	23:45:52.670	Expert SpanModelTrader USDJPY,M5: removed
2	23:47:56.124	Expert SpanModelTrader USDJPY,M5: loaded successfully
2	23:48:03.199	Expert SpanModelTrader USDJPY,M5: removed
2	23:48:03.299	Expert SpanModelTrader USDJPY,M5: loaded successfully
2	23:48:08.066	Expert SpanModelTrader USDJPY,M5: removed
2	23:48:08.159	Expert SpanModelTrader USDJPY,M5: loaded successfully
2	23:48:22.530	Expert SpanModelTrader USDJPY,M5: removed
2	23:48:22.630	Expert SpanModelTrader USDJPY,M5: loaded successfully
2	23:48:31.779	Expert SpanModelTrader USDJPY,M5: removed
2	23:48:31.863	Expert SpanModelTrader USDJPY,M5: loaded successfully
2	23:48:43.545	Expert SpanModelTrader USDJPY,M5: removed
2	23:48:43.645	Expert SpanModelTrader USDJPY,M5: loaded successfully
2	23:50:02.776	Expert SpanModelTrader USDJPY,M5: removed
2	23:50:02.875	Expert SpanModelTrader USDJPY,M5: loaded successfully
2	23:51:07.702	Expert SpanModelTrader USDJPY,M5: removed
2	23:51:07.818	Expert SpanModelTrader USDJPY,M5: loaded successfully
2	23:51:30.691	Expert SpanModelTrader USDJPY,M5: removed
2	23:51:30.769	Expert SpanModelTrader USDJPY,M5: loaded successfully
2	23:52:48.086	Expert SpanModelTrader USDJPY,M5: removed
2	23:52:48.187	Expert SpanModelTrader USDJPY,M5: loaded successfully
2	23:53:20.047	Expert SpanModelTrader USDJPY,M5: removed
2	23:53:20.147	Expert SpanModelTrader USDJPY,M5: loaded successfully
2	23:54:53.321	Expert SpanModelTrader USDJPY,M5: removed
2	23:54:53.422	Expert SpanModelTrader USDJPY,M5: loaded successfully
0	23:56:00.451	System to be shutdown, request for close OANDA - MT4
0	23:56:01.335	OANDA - MT4 build 1090 stopped because system shutdown
