0	00:03:39.058	System to be shutdown, request for close OANDA - MT4
0	00:03:39.591	OANDA - MT4 build 1090 stopped because system shutdown
0	12:30:52.206	OANDA - MT4 build 1090 started (OANDA Corporation)
0	12:30:52.207	Windows 10 Home (X86 based PC), IE 11.00, UAC, 4 x Intel Atom  Z3735F @ 1.33GHz, RAM: 726 / 1976 Mb, HDD: 12446 / 29042 Mb, GMT+09:00
0	12:30:52.207	Data Folder: C:\Users\KC\AppData\Roaming\MetaQuotes\Terminal\71808ACDDF4589A555C107AF1E5AEBA0
2	12:30:56.899	Custom indicator SpanModel USDJPY,M5: loaded successfully
2	12:30:56.955	Custom indicator SuperBolingerMTF USDJPY,M5: loaded successfully
2	12:30:57.009	Custom indicator SMTSignalVisualizer USDJPY,M5: loaded successfully
2	12:30:57.113	Expert SpanModelTrader USDJPY,M5: loaded successfully
0	12:30:59.257	'6234196': login on OANDA-Japan Practice through OANDA-MT4 Practice JP (ping: 203.56 ms)
0	12:31:00.871	'6234196': previous successful authorization performed from 101.141.17.171
0	12:31:02.213	'6234196': ping to current access point OANDA-MT4 Practice JP is 179.81 ms
2	12:31:03.322	Expert SpanModelTrader USDJPY,M5: removed
2	13:26:38.938	Custom indicator SpanModel USDJPY,M5: removed
2	13:26:38.950	Custom indicator SuperBolingerMTF USDJPY,M5: removed
2	13:26:38.960	Custom indicator SMTSignalVisualizer USDJPY,M5: removed
0	13:26:39.806	OANDA - MT4 build 1090 stopped
0	13:26:56.414	OANDA - MT4 build 1090 started (OANDA Corporation)
0	13:26:56.414	Windows 10 Home (X86 based PC), IE 11.00, UAC, 4 x Intel Atom  Z3735F @ 1.33GHz, RAM: 731 / 1976 Mb, HDD: 12369 / 29042 Mb, GMT+09:00
0	13:26:56.414	Data Folder: C:\Users\KC\AppData\Roaming\MetaQuotes\Terminal\71808ACDDF4589A555C107AF1E5AEBA0
2	13:26:59.713	Custom indicator SpanModel USDJPY,M5: loaded successfully
2	13:26:59.765	Custom indicator SuperBolingerMTF USDJPY,M5: loaded successfully
2	13:26:59.814	Custom indicator SMTSignalVisualizer USDJPY,M5: loaded successfully
0	13:27:01.132	'6234196': login on OANDA-Japan Practice through OANDA-MT4 Practice JP (ping: 179.81 ms)
0	13:27:02.649	'6234196': previous successful authorization performed from 101.141.17.171
2	13:29:51.118	Expert SpanModelTrader USDJPY,M5: loaded successfully
2	13:42:09.673	Expert SpanModelTrader USDJPY,M5: removed
2	13:42:09.791	Expert SpanModelTrader USDJPY,M5: loaded successfully
2	13:45:53.920	Expert SpanModelTrader USDJPY,M5: removed
2	13:45:54.032	Expert SpanModelTrader USDJPY,M5: loaded successfully
2	13:47:39.099	Expert SpanModelTrader USDJPY,M5: removed
2	13:47:39.218	Expert SpanModelTrader USDJPY,M5: loaded successfully
0	16:10:02.796	'6234196': order buy market 0.10 USDJPY sl: 111.674 tp: 0.000
0	16:10:03.148	'6234196': order was opened : #156263789 buy 0.10 USDJPY at 112.666 sl: 111.674 tp: 0.000
0	16:10:05.198	Trades: use hosting service to speed up the execution - 20.26 ms via 'MQL5 New York 5 (MQL5 Ltd.)' instead of 179.81 ms
0	17:42:45.086	OANDA - MT4 build 1090 stopped because system shutdown
