0	15:49:55.267	OANDA - MT4 build 1090 started (OANDA Corporation)
0	15:49:55.268	Windows 10 Home (X86 based PC), IE 11.00, UAC, 4 x Intel Atom  Z3735F @ 1.33GHz, RAM: 672 / 1976 Mb, HDD: 12739 / 29042 Mb, GMT+09:00
0	15:49:55.268	Data Folder: C:\Users\KC\AppData\Roaming\MetaQuotes\Terminal\71808ACDDF4589A555C107AF1E5AEBA0
2	15:50:00.355	Custom indicator SpanModel USDJPY,M5: loaded successfully
2	15:50:00.408	Custom indicator SuperBolingerMTF USDJPY,M5: loaded successfully
2	15:50:00.462	Custom indicator SMTSignalVisualizer USDJPY,M5: loaded successfully
2	15:50:00.572	Expert SpanModelTrader USDJPY,M5: loaded successfully
0	15:50:02.303	'6234196': login on OANDA-Japan Practice through OANDA-MT4 Practice JP (ping: 185.14 ms)
0	15:50:04.044	'6234196': previous successful authorization performed from 101.141.17.171
0	15:50:05.380	'6234196': ping to current access point OANDA-MT4 Practice JP is 177.73 ms
2	15:55:43.165	Expert SpanModelTrader USDJPY,M5: removed
2	15:55:43.268	Expert SpanModelTrader USDJPY,M5: loaded successfully
0	20:25:02.038	'6234196': order buy market 0.10 USDJPY sl: 110.886 tp: 0.000
0	20:25:02.363	Trades: use hosting service to speed up the execution - 20.26 ms via 'MQL5 New York 5 (MQL5 Ltd.)' instead of 177.73 ms
0	20:25:02.363	'6234196': order was opened : #156462585 buy 0.10 USDJPY at 111.886 sl: 110.886 tp: 0.000
0	23:37:10.956	'6234196': close order #156462585 buy 0.10 USDJPY at 111.886 sl: 110.886 tp: 0.000 at price 0.000
0	23:37:11.388	'6234196': order #156462585 buy 0.10 USDJPY at 111.886 sl: 110.886 tp: 0.000 closed at price 112.097
2	23:37:11.409	Expert SpanModelTrader USDJPY,M5: removed
2	23:37:11.573	Expert SpanModelTrader USDJPY,M5: loaded successfully
2	23:38:25.509	Expert SpanModelTrader USDJPY,M5: removed
2	23:38:25.605	Expert SpanModelTrader USDJPY,M5: loaded successfully
2	23:42:04.598	Expert SpanModelTrader USDJPY,M5: removed
2	23:42:04.698	Expert SpanModelTrader USDJPY,M5: loaded successfully
2	23:43:54.038	Expert SpanModelTrader USDJPY,M5: removed
2	23:43:54.123	Expert SpanModelTrader USDJPY,M5: loaded successfully
2	23:49:26.826	Expert SpanModelTrader USDJPY,M5: removed
2	23:49:26.916	Expert SpanModelTrader USDJPY,M5: loaded successfully
2	23:55:33.079	Expert SpanModelTrader USDJPY,M5: removed
2	23:55:33.095	Custom indicator SpanModel USDJPY,M5: removed
2	23:55:33.095	Custom indicator SuperBolingerMTF USDJPY,M5: removed
2	23:55:33.111	Custom indicator SMTSignalVisualizer USDJPY,M5: removed
0	23:55:34.028	OANDA - MT4 build 1090 stopped
